<?xml version="1.0" encoding="UTF-8"?>
<!-- Generated by org.testng.reporters.JUnitReportReporter -->
<testsuite hostname="DESKTOP-GUPA5RI" failures="0" tests="1" name="test.java.BasicTest" time="48.503" errors="0" timestamp="2021-07-23T00:43:05 EDT" skipped="0">
  <testcase classname="test.java.BasicTest" name="popUpTest" time="48.503"/>
  <system-out/>
</testsuite> <!-- test.java.BasicTest -->
